[01:00:57] [ServerMain/INFO]: [bootstrap] Running Java 21 (OpenJDK 64-Bit Server VM 21.0.5+11-Ubuntu-1ubuntu120.04; Ubuntu null) on Linux 6.5.0-1025-azure (amd64)
[01:00:57] [ServerMain/INFO]: [bootstrap] Loading Paper 1.21-130-master@b1b5d4c (2024-08-10T10:02:42Z) for Minecraft 1.21
[01:00:57] [ServerMain/INFO]: [PluginInitializerManager] Initializing plugins...
[01:00:58] [ServerMain/INFO]: [PluginInitializerManager] Initialized 3 plugins
[01:00:58] [ServerMain/INFO]: [PluginInitializerManager] Bukkit plugins (3):
 - Geyser-Spigot (2.6.0-SNAPSHOT), ViaVersion (5.2.0), floodgate (2.2.3-SNAPSHOT (b114-83fbd6e))
[01:01:04] [ServerMain/INFO]: Environment: Environment[sessionHost=https://sessionserver.mojang.com, servicesHost=https://api.minecraftservices.com, name=PROD]
[01:01:07] [ServerMain/INFO]: Loaded 1290 recipes
[01:01:07] [ServerMain/INFO]: Loaded 1399 advancements
[01:01:07] [Server thread/INFO]: Starting minecraft server version 1.21
[01:01:07] [Server thread/INFO]: Loading properties
[01:01:07] [Server thread/INFO]: This server is running Paper version 1.21-130-master@b1b5d4c (2024-08-10T10:02:42Z) (Implementing API version 1.21-R0.1-SNAPSHOT)
[01:01:08] [Server thread/INFO]: [spark] This server bundles the spark profiler. For more information please visit https://docs.papermc.io/paper/profiling
[01:01:08] [Server thread/INFO]: Server Ping Player Sample Count: 12
[01:01:08] [Server thread/INFO]: Using 4 threads for Netty based IO
[01:01:10] [Server thread/INFO]: [ChunkTaskScheduler] Chunk system is using 1 I/O threads, 1 worker threads, and population gen parallelism of 1 threads
[01:01:10] [Server thread/INFO]: Default game type: SURVIVAL
[01:01:10] [Server thread/INFO]: Generating keypair
[01:01:10] [Server thread/INFO]: Starting Minecraft server on *:25565
[01:01:10] [Server thread/INFO]: Using epoll channel type
[01:01:10] [Server thread/INFO]: Paper: Using libdeflate (Linux x86_64) compression from Velocity.
[01:01:10] [Server thread/INFO]: Paper: Using OpenSSL 1.1.x (Linux x86_64) cipher from Velocity.
[01:01:12] [Server thread/INFO]: [floodgate] Loading server plugin floodgate v2.2.3-SNAPSHOT (b114-83fbd6e)
[01:01:15] [Server thread/WARN]: [floodgate] en_ is not a supported Floodgate language.
[01:01:15] [Server thread/INFO]: [floodgate] Took 3,043ms to boot Floodgate
[01:01:15] [Server thread/INFO]: [ViaVersion] Loading server plugin ViaVersion v5.2.0
[01:01:15] [Server thread/INFO]: [ViaVersion] ViaVersion 5.2.0 is now loaded. Registering protocol transformers and injecting...
[01:01:17] [Via-Mappingloader-0/INFO]: [ViaVersion] Loading block connection mappings ...
[01:01:18] [Via-Mappingloader-0/INFO]: [ViaVersion] Using FastUtil Long2ObjectOpenHashMap for block connections
[01:01:19] [Server thread/INFO]: [Geyser-Spigot] Loading server plugin Geyser-Spigot v2.6.0-SNAPSHOT
[01:01:21] [Server thread/INFO]: [Geyser-Spigot] Loading extensions...
[01:01:21] [Server thread/INFO]: [Geyser-Spigot] Loaded 0 extension(s)
[01:01:21] [Server thread/INFO]: Server permissions file permissions.yml is empty, ignoring it
[01:01:21] [Server thread/WARN]: **** SERVER IS RUNNING IN OFFLINE/INSECURE MODE!
[01:01:21] [Server thread/WARN]: The server will make no attempt to authenticate usernames. Beware.
[01:01:21] [Server thread/WARN]: While this makes the game possible to play without internet access, it also opens up the ability for hackers to connect with any username they choose.
[01:01:21] [Server thread/WARN]: To change this, set "online-mode" to "true" in the server.properties file.
[01:01:21] [Server thread/INFO]: Preparing level "world"
[01:01:22] [Server thread/INFO]: Preparing start region for dimension minecraft:overworld
[01:01:24] [Server thread/INFO]: Time elapsed: 2025 ms
[01:01:24] [Server thread/INFO]: Preparing start region for dimension minecraft:the_nether
[01:01:24] [Server thread/INFO]: Time elapsed: 377 ms
[01:01:24] [Server thread/INFO]: Preparing start region for dimension minecraft:the_end
[01:01:25] [Server thread/INFO]: Time elapsed: 180 ms
[01:01:25] [Server thread/INFO]: [floodgate] Enabling floodgate v2.2.3-SNAPSHOT (b114-83fbd6e)
[01:01:26] [Server thread/INFO]: [ViaVersion] Enabling ViaVersion v5.2.0
[01:01:26] [Server thread/INFO]: [ViaVersion] ViaVersion detected server version: 1.21-1.21.1 (767)
[01:01:26] [Server thread/INFO]: [Geyser-Spigot] Enabling Geyser-Spigot v2.6.0-SNAPSHOT
[01:01:28] [Server thread/INFO]: [spark] Starting background profiler...
[01:01:28] [Server thread/INFO]: [Geyser-Spigot] ******************************************
[01:01:28] [Server thread/INFO]: [Geyser-Spigot] 
[01:01:28] [Server thread/INFO]: [Geyser-Spigot] Loading Geyser version 2.6.0-b739 (git-master-623ec2b)
[01:01:28] [Server thread/INFO]: [Geyser-Spigot] 
[01:01:28] [Server thread/INFO]: [Geyser-Spigot] ******************************************
[01:01:43] [epollEventLoopGroup-3-1/INFO]: [Geyser-Spigot] Started Geyser on UDP port 3465
[01:01:43] [Server thread/INFO]: [Geyser-Spigot] Done (14.741s)! Run /geyser help for help!
[01:01:44] [Server thread/INFO]: Done preparing level "world" (22.527s)
[01:01:44] [Server thread/INFO]: Running delayed init tasks
[01:01:44] [Server thread/INFO]: Done (48.178s)! For help, type "help"
[01:01:44] [Server thread/INFO]: Timings Reset
[01:01:44] [Craft Scheduler Thread - 5 - ViaVersion/INFO]: [ViaVersion] Finished mapping loading, shutting down loader executor.
[01:02:50] [epollEventLoopGroup-4-1/INFO]: [Geyser-Spigot] Player connected with username AfterThingsX
[01:02:50] [localSession-7-2/INFO]: [Geyser-Spigot] AfterThingsX (logged in as: AfterThingsX) has connected to the Java server
[01:02:50] [Server thread/INFO]: [floodgate] Floodgate player logged in as .AfterThingsX joined (UUID: 00000000-0000-0000-0009-01fef3c3b815)
[01:02:51] [Server thread/INFO]: .AfterThingsX joined the game
[01:02:52] [Server thread/INFO]: .AfterThingsX[/127.0.0.1:0] logged in with entity id 120 at ([world]-174.14616, 67.0, 110.29461)
[01:03:30] [User Authenticator #0/INFO]: UUID of player Th1ngsWASD is 66043ea6-1a9d-3e0f-a421-0eadd33ff3fa
[01:03:35] [Server thread/INFO]: .AfterThingsX was shot by Skeleton
[01:03:39] [Server thread/INFO]: Th1ngsWASD joined the game
[01:03:39] [Server thread/INFO]: Th1ngsWASD[/127.62.57.134:37765] logged in with entity id 258 at ([world]-168.8799855495629, 70.0, 102.44552256995239)
[01:04:09] [Server thread/INFO]: Th1ngsWASD was slain by Spider
[01:04:50] [Server thread/INFO]: Th1ngsWASD was slain by Zombie
[01:05:04] [Server thread/INFO]: .AfterThingsX was shot by Skeleton
[01:10:07] [Server thread/INFO]: Th1ngsWASD drowned
[01:12:39] [Async Chat Thread - #1/INFO]: [Not Secure] <Th1ngsWASD> hola
[01:12:57] [Async Chat Thread - #1/INFO]: [Not Secure] <.AfterThingsX> como estas
[01:13:20] [Server thread/INFO]: Th1ngsWASD lost connection: Kicked by an operator
[01:13:20] [Server thread/INFO]: Th1ngsWASD left the game
[01:13:20] [Server thread/INFO]: Kicked Th1ngsWASD: Kicked by an operator
[01:13:29] [Server thread/INFO]: No player was found
[01:13:40] [Server thread/INFO]: No player was found
[01:13:46] [Server thread/INFO]: .AfterThingsX lost connection: Kicked by an operator
[01:13:46] [Geyser Spigot connection thread-6-3/INFO]: [floodgate] Floodgate player logged in as .AfterThingsX disconnected
[01:13:46] [localSession-7-2/INFO]: [Geyser-Spigot] AfterThingsX has disconnected from the Java server because of Expulsado/a por un administrador
[01:13:46] [Server thread/INFO]: .AfterThingsX left the game
[01:13:46] [Server thread/INFO]: Kicked .AfterThingsX: Kicked by an operator
[01:14:24] [Server thread/INFO]: Stopping the server
[01:14:24] [Server thread/INFO]: Stopping server
[01:14:24] [Server thread/INFO]: [Geyser-Spigot] Disabling Geyser-Spigot v2.6.0-SNAPSHOT
[01:14:24] [Server thread/INFO]: [Geyser-Spigot] Shutting down Geyser.
[01:14:24] [Server thread/INFO]: [Geyser-Spigot] Geyser shutdown successfully.
[01:14:24] [Server thread/INFO]: [ViaVersion] Disabling ViaVersion v5.2.0
[01:14:24] [Server thread/INFO]: [ViaVersion] ViaVersion has been disabled; uninjected the platform and shut down the scheduler.
[01:14:24] [Server thread/INFO]: [floodgate] Disabling floodgate v2.2.3-SNAPSHOT (b114-83fbd6e)
[01:14:24] [Server thread/INFO]: Saving players
[01:14:24] [WebSocketConnectReadThread-82/INFO]: [Geyser-Spigot] The skin uploader has been closed
[01:14:24] [Server thread/INFO]: Saving worlds
[01:14:24] [Server thread/INFO]: Saving chunks for level 'ServerLevel[world]'/minecraft:overworld
[01:14:24] [Server thread/INFO]: [ChunkHolderManager] Waiting 60s for chunk system to halt for world 'world'
[01:14:24] [Server thread/INFO]: [ChunkHolderManager] Halted chunk system for world 'world'
[01:14:24] [Server thread/INFO]: [ChunkHolderManager] Saving all chunkholders for world 'world'
[01:14:24] [Server thread/INFO]: [ChunkHolderManager] Saved 143 block chunks, 110 entity chunks, 0 poi chunks in world 'world' in 0.32s
[01:14:24] [Server thread/INFO]: Saving chunks for level 'ServerLevel[world_nether]'/minecraft:the_nether
[01:14:24] [Server thread/INFO]: [ChunkHolderManager] Waiting 60s for chunk system to halt for world 'world_nether'
[01:14:24] [Server thread/INFO]: [ChunkHolderManager] Halted chunk system for world 'world_nether'
[01:14:24] [Server thread/INFO]: [ChunkHolderManager] Saving all chunkholders for world 'world_nether'
[01:14:24] [Server thread/INFO]: [ChunkHolderManager] Saved 0 block chunks, 0 entity chunks, 0 poi chunks in world 'world_nether' in 0.00s
[01:14:24] [Server thread/INFO]: Saving chunks for level 'ServerLevel[world_the_end]'/minecraft:the_end
[01:14:24] [Server thread/INFO]: [ChunkHolderManager] Waiting 60s for chunk system to halt for world 'world_the_end'
[01:14:24] [Server thread/INFO]: [ChunkHolderManager] Halted chunk system for world 'world_the_end'
[01:14:24] [Server thread/INFO]: [ChunkHolderManager] Saving all chunkholders for world 'world_the_end'
[01:14:24] [Server thread/INFO]: [ChunkHolderManager] Saved 0 block chunks, 0 entity chunks, 0 poi chunks in world 'world_the_end' in 0.00s
[01:14:24] [Server thread/INFO]: ThreadedAnvilChunkStorage (world): All chunks are saved
[01:14:24] [Server thread/INFO]: ThreadedAnvilChunkStorage (DIM-1): All chunks are saved
[01:14:24] [Server thread/INFO]: ThreadedAnvilChunkStorage (DIM1): All chunks are saved
[01:14:24] [Server thread/INFO]: ThreadedAnvilChunkStorage: All dimensions are saved
